#-----------------------------------------------------------
# Vivado v2019.1 (64-bit)
# SW Build 2552052 on Fri May 24 14:49:42 MDT 2019
# IP Build 2548770 on Fri May 24 18:01:18 MDT 2019
# Start of session at: Fri Mar 29 09:46:41 2024
# Process ID: 16348
# Current directory: C:/Users/Lenovo/Desktop/lab2
# Command line: vivado.exe -gui_launcher_event rodinguilauncherevent2492 C:\Users\Lenovo\Desktop\lab2\lab2.xpr
# Log file: C:/Users/Lenovo/Desktop/lab2/vivado.log
# Journal file: C:/Users/Lenovo/Desktop/lab2\vivado.jou
#-----------------------------------------------------------
start_gui
open_project C:/Users/Lenovo/Desktop/lab2/lab2.xpr
Scanning sources...
Finished scanning sources
INFO: [IP_Flow 19-234] Refreshing IP repositories
INFO: [IP_Flow 19-1704] No user IP repositories specified
INFO: [IP_Flow 19-2313] Loaded Vivado IP repository 'D:/Vivado/2019.1/data/ip'.
update_compile_order -fileset sources_1
update_compile_order -fileset sim_1
launch_simulation
INFO: [Vivado 12-5682] Launching behavioral simulation in 'C:/Users/Lenovo/Desktop/lab2/lab2.sim/sim_1/behav/xsim'
INFO: [SIM-utils-51] Simulation object is 'sim_1'
INFO: [SIM-utils-54] Inspecting design source files for 'Q1_tb' in fileset 'sim_1'...
INFO: [USF-XSim-97] Finding global include files...
INFO: [USF-XSim-98] Fetching design files from 'sim_1'...
INFO: [USF-XSim-2] XSim::Compile design
INFO: [USF-XSim-61] Executing 'COMPILE and ANALYZE' step in 'C:/Users/Lenovo/Desktop/lab2/lab2.sim/sim_1/behav/xsim'
"xvlog --incr --relax -prj Q1_tb_vlog.prj"
INFO: [VRFC 10-2263] Analyzing Verilog file "C:/Users/Lenovo/Desktop/lab2/lab2.srcs/sources_1/new/Q1.v" into library xil_defaultlib
INFO: [VRFC 10-311] analyzing module Q1
INFO: [VRFC 10-2263] Analyzing Verilog file "C:/Users/Lenovo/Desktop/lab2/lab2.srcs/sim_1/new/Q1_tb.v" into library xil_defaultlib
INFO: [VRFC 10-311] analyzing module Q1_tb
INFO: [VRFC 10-2263] Analyzing Verilog file "C:/Users/Lenovo/Desktop/lab2/lab2.sim/sim_1/behav/xsim/glbl.v" into library xil_defaultlib
INFO: [VRFC 10-311] analyzing module glbl
INFO: [USF-XSim-69] 'compile' step finished in '1' seconds
INFO: [USF-XSim-3] XSim::Elaborate design
INFO: [USF-XSim-61] Executing 'ELABORATE' step in 'C:/Users/Lenovo/Desktop/lab2/lab2.sim/sim_1/behav/xsim'
"xelab -wto 650ee8b7e6f64046abf34c8e26bdfbcb --incr --debug typical --relax --mt 2 -L xil_defaultlib -L unisims_ver -L unimacro_ver -L secureip --snapshot Q1_tb_behav xil_defaultlib.Q1_tb xil_defaultlib.glbl -log elaborate.log"
Vivado Simulator 2019.1
Copyright 1986-1999, 2001-2019 Xilinx, Inc. All Rights Reserved.
Running: D:/Vivado/2019.1/bin/unwrapped/win64.o/xelab.exe -wto 650ee8b7e6f64046abf34c8e26bdfbcb --incr --debug typical --relax --mt 2 -L xil_defaultlib -L unisims_ver -L unimacro_ver -L secureip --snapshot Q1_tb_behav xil_defaultlib.Q1_tb xil_defaultlib.glbl -log elaborate.log 
Using 2 slave threads.
Starting static elaboration
Completed static elaboration
Starting simulation data flow analysis
Completed simulation data flow analysis
Time Resolution for simulation is 1ps
Compiling module xil_defaultlib.Q1
Compiling module xil_defaultlib.Q1_tb
Compiling module xil_defaultlib.glbl
Built simulation snapshot Q1_tb_behav

****** Webtalk v2019.1 (64-bit)
  **** SW Build 2552052 on Fri May 24 14:49:42 MDT 2019
  **** IP Build 2548770 on Fri May 24 18:01:18 MDT 2019
    ** Copyright 1986-2019 Xilinx, Inc. All Rights Reserved.

source C:/Users/Lenovo/Desktop/lab2/lab2.sim/sim_1/behav/xsim/xsim.dir/Q1_tb_behav/webtalk/xsim_webtalk.tcl -notrace
INFO: [Common 17-206] Exiting Webtalk at Fri Mar 29 10:47:24 2024...
INFO: [USF-XSim-69] 'elaborate' step finished in '4' seconds
INFO: [USF-XSim-4] XSim::Simulate design
INFO: [USF-XSim-61] Executing 'SIMULATE' step in 'C:/Users/Lenovo/Desktop/lab2/lab2.sim/sim_1/behav/xsim'
INFO: [USF-XSim-98] *** Running xsim
   with args "Q1_tb_behav -key {Behavioral:sim_1:Functional:Q1_tb} -tclbatch {Q1_tb.tcl} -log {simulate.log}"
INFO: [USF-XSim-8] Loading simulator feature
Vivado Simulator 2019.1
Time resolution is 1 ps
source Q1_tb.tcl
# set curr_wave [current_wave_config]
# if { [string length $curr_wave] == 0 } {
#   if { [llength [get_objects]] > 0} {
#     add_wave /
#     set_property needs_save false [current_wave_config]
#   } else {
#      send_msg_id Add_Wave-1 WARNING "No top level signals found. Simulator will start without a wave window. If you want to open a wave window go to 'File->New Waveform Configuration' or type 'create_wave_config' in the TCL console."
#   }
# }
# run 1000ns
$finish called at time : 42 ns : File "C:/Users/Lenovo/Desktop/lab2/lab2.srcs/sim_1/new/Q1_tb.v" Line 62
INFO: [USF-XSim-96] XSim completed. Design snapshot 'Q1_tb_behav' loaded.
INFO: [USF-XSim-97] XSim simulation ran for 1000ns
launch_simulation: Time (s): cpu = 00:00:01 ; elapsed = 00:00:09 . Memory (MB): peak = 851.172 ; gain = 28.359
close_sim
INFO: [Simtcl 6-16] Simulation closed
exit
INFO: [Common 17-206] Exiting Vivado at Fri Mar 29 10:51:20 2024...
